2024-07-15 15:41:23 - asyncio - DEBUG - Using selector: SelectSelector
2024-07-15 15:41:23 - sqlalchemy.engine.Engine - INFO - select pg_catalog.version()
2024-07-15 15:41:23 - sqlalchemy.engine.Engine - INFO - [raw sql] ()
2024-07-15 15:41:23 - sqlalchemy.engine.Engine - INFO - select current_schema()
2024-07-15 15:41:23 - sqlalchemy.engine.Engine - INFO - [raw sql] ()
2024-07-15 15:41:23 - sqlalchemy.engine.Engine - INFO - show standard_conforming_strings
2024-07-15 15:41:23 - sqlalchemy.engine.Engine - INFO - [raw sql] ()
2024-07-15 15:41:23 - sqlalchemy.engine.Engine - INFO - BEGIN (implicit)
2024-07-15 15:41:23 - sqlalchemy.engine.Engine - INFO - SELECT pg_catalog.pg_class.relname 
FROM pg_catalog.pg_class JOIN pg_catalog.pg_namespace ON pg_catalog.pg_namespace.oid = pg_catalog.pg_class.relnamespace 
WHERE pg_catalog.pg_class.relname = $1::VARCHAR AND pg_catalog.pg_class.relkind = ANY (ARRAY[$2::VARCHAR, $3::VARCHAR, $4::VARCHAR, $5::VARCHAR, $6::VARCHAR]) AND pg_catalog.pg_table_is_visible(pg_catalog.pg_class.oid) AND pg_catalog.pg_namespace.nspname != $7::VARCHAR
2024-07-15 15:41:23 - sqlalchemy.engine.Engine - INFO - [generated in 0.00169s] ('alumno', 'r', 'p', 'f', 'v', 'm', 'pg_catalog')
2024-07-15 15:41:23 - sqlalchemy.engine.Engine - INFO - SELECT pg_catalog.pg_class.relname 
FROM pg_catalog.pg_class JOIN pg_catalog.pg_namespace ON pg_catalog.pg_namespace.oid = pg_catalog.pg_class.relnamespace 
WHERE pg_catalog.pg_class.relname = $1::VARCHAR AND pg_catalog.pg_class.relkind = ANY (ARRAY[$2::VARCHAR, $3::VARCHAR, $4::VARCHAR, $5::VARCHAR, $6::VARCHAR]) AND pg_catalog.pg_table_is_visible(pg_catalog.pg_class.oid) AND pg_catalog.pg_namespace.nspname != $7::VARCHAR
2024-07-15 15:41:23 - sqlalchemy.engine.Engine - INFO - [cached since 0.008874s ago] ('inscripcion', 'r', 'p', 'f', 'v', 'm', 'pg_catalog')
2024-07-15 15:41:23 - sqlalchemy.engine.Engine - INFO - SELECT pg_catalog.pg_class.relname 
FROM pg_catalog.pg_class JOIN pg_catalog.pg_namespace ON pg_catalog.pg_namespace.oid = pg_catalog.pg_class.relnamespace 
WHERE pg_catalog.pg_class.relname = $1::VARCHAR AND pg_catalog.pg_class.relkind = ANY (ARRAY[$2::VARCHAR, $3::VARCHAR, $4::VARCHAR, $5::VARCHAR, $6::VARCHAR]) AND pg_catalog.pg_table_is_visible(pg_catalog.pg_class.oid) AND pg_catalog.pg_namespace.nspname != $7::VARCHAR
2024-07-15 15:41:23 - sqlalchemy.engine.Engine - INFO - [cached since 0.01288s ago] ('clase', 'r', 'p', 'f', 'v', 'm', 'pg_catalog')
2024-07-15 15:41:23 - sqlalchemy.engine.Engine - INFO - SELECT pg_catalog.pg_class.relname 
FROM pg_catalog.pg_class JOIN pg_catalog.pg_namespace ON pg_catalog.pg_namespace.oid = pg_catalog.pg_class.relnamespace 
WHERE pg_catalog.pg_class.relname = $1::VARCHAR AND pg_catalog.pg_class.relkind = ANY (ARRAY[$2::VARCHAR, $3::VARCHAR, $4::VARCHAR, $5::VARCHAR, $6::VARCHAR]) AND pg_catalog.pg_table_is_visible(pg_catalog.pg_class.oid) AND pg_catalog.pg_namespace.nspname != $7::VARCHAR
2024-07-15 15:41:23 - sqlalchemy.engine.Engine - INFO - [cached since 0.01701s ago] ('descuento', 'r', 'p', 'f', 'v', 'm', 'pg_catalog')
2024-07-15 15:41:23 - sqlalchemy.engine.Engine - INFO - SELECT pg_catalog.pg_class.relname 
FROM pg_catalog.pg_class JOIN pg_catalog.pg_namespace ON pg_catalog.pg_namespace.oid = pg_catalog.pg_class.relnamespace 
WHERE pg_catalog.pg_class.relname = $1::VARCHAR AND pg_catalog.pg_class.relkind = ANY (ARRAY[$2::VARCHAR, $3::VARCHAR, $4::VARCHAR, $5::VARCHAR, $6::VARCHAR]) AND pg_catalog.pg_table_is_visible(pg_catalog.pg_class.oid) AND pg_catalog.pg_namespace.nspname != $7::VARCHAR
2024-07-15 15:41:23 - sqlalchemy.engine.Engine - INFO - [cached since 0.02117s ago] ('profesor', 'r', 'p', 'f', 'v', 'm', 'pg_catalog')
2024-07-15 15:41:23 - sqlalchemy.engine.Engine - INFO - SELECT pg_catalog.pg_class.relname 
FROM pg_catalog.pg_class JOIN pg_catalog.pg_namespace ON pg_catalog.pg_namespace.oid = pg_catalog.pg_class.relnamespace 
WHERE pg_catalog.pg_class.relname = $1::VARCHAR AND pg_catalog.pg_class.relkind = ANY (ARRAY[$2::VARCHAR, $3::VARCHAR, $4::VARCHAR, $5::VARCHAR, $6::VARCHAR]) AND pg_catalog.pg_table_is_visible(pg_catalog.pg_class.oid) AND pg_catalog.pg_namespace.nspname != $7::VARCHAR
2024-07-15 15:41:23 - sqlalchemy.engine.Engine - INFO - [cached since 0.02593s ago] ('profesor_instrumento', 'r', 'p', 'f', 'v', 'm', 'pg_catalog')
2024-07-15 15:41:23 - sqlalchemy.engine.Engine - INFO - SELECT pg_catalog.pg_class.relname 
FROM pg_catalog.pg_class JOIN pg_catalog.pg_namespace ON pg_catalog.pg_namespace.oid = pg_catalog.pg_class.relnamespace 
WHERE pg_catalog.pg_class.relname = $1::VARCHAR AND pg_catalog.pg_class.relkind = ANY (ARRAY[$2::VARCHAR, $3::VARCHAR, $4::VARCHAR, $5::VARCHAR, $6::VARCHAR]) AND pg_catalog.pg_table_is_visible(pg_catalog.pg_class.oid) AND pg_catalog.pg_namespace.nspname != $7::VARCHAR
2024-07-15 15:41:23 - sqlalchemy.engine.Engine - INFO - [cached since 0.0305s ago] ('instrumento', 'r', 'p', 'f', 'v', 'm', 'pg_catalog')
2024-07-15 15:41:23 - sqlalchemy.engine.Engine - INFO - SELECT pg_catalog.pg_class.relname 
FROM pg_catalog.pg_class JOIN pg_catalog.pg_namespace ON pg_catalog.pg_namespace.oid = pg_catalog.pg_class.relnamespace 
WHERE pg_catalog.pg_class.relname = $1::VARCHAR AND pg_catalog.pg_class.relkind = ANY (ARRAY[$2::VARCHAR, $3::VARCHAR, $4::VARCHAR, $5::VARCHAR, $6::VARCHAR]) AND pg_catalog.pg_table_is_visible(pg_catalog.pg_class.oid) AND pg_catalog.pg_namespace.nspname != $7::VARCHAR
2024-07-15 15:41:23 - sqlalchemy.engine.Engine - INFO - [cached since 0.03437s ago] ('instrumento_nivel', 'r', 'p', 'f', 'v', 'm', 'pg_catalog')
2024-07-15 15:41:23 - sqlalchemy.engine.Engine - INFO - SELECT pg_catalog.pg_class.relname 
FROM pg_catalog.pg_class JOIN pg_catalog.pg_namespace ON pg_catalog.pg_namespace.oid = pg_catalog.pg_class.relnamespace 
WHERE pg_catalog.pg_class.relname = $1::VARCHAR AND pg_catalog.pg_class.relkind = ANY (ARRAY[$2::VARCHAR, $3::VARCHAR, $4::VARCHAR, $5::VARCHAR, $6::VARCHAR]) AND pg_catalog.pg_table_is_visible(pg_catalog.pg_class.oid) AND pg_catalog.pg_namespace.nspname != $7::VARCHAR
2024-07-15 15:41:23 - sqlalchemy.engine.Engine - INFO - [cached since 0.03753s ago] ('nivel', 'r', 'p', 'f', 'v', 'm', 'pg_catalog')
2024-07-15 15:41:23 - sqlalchemy.engine.Engine - INFO - SELECT pg_catalog.pg_class.relname 
FROM pg_catalog.pg_class JOIN pg_catalog.pg_namespace ON pg_catalog.pg_namespace.oid = pg_catalog.pg_class.relnamespace 
WHERE pg_catalog.pg_class.relname = $1::VARCHAR AND pg_catalog.pg_class.relkind = ANY (ARRAY[$2::VARCHAR, $3::VARCHAR, $4::VARCHAR, $5::VARCHAR, $6::VARCHAR]) AND pg_catalog.pg_table_is_visible(pg_catalog.pg_class.oid) AND pg_catalog.pg_namespace.nspname != $7::VARCHAR
2024-07-15 15:41:23 - sqlalchemy.engine.Engine - INFO - [cached since 0.04132s ago] ('pack', 'r', 'p', 'f', 'v', 'm', 'pg_catalog')
2024-07-15 15:41:23 - sqlalchemy.engine.Engine - INFO - COMMIT
2024-07-15 15:43:26 - asyncio - DEBUG - Using selector: SelectSelector
2024-07-15 15:43:26 - sqlalchemy.engine.Engine - INFO - select pg_catalog.version()
2024-07-15 15:43:26 - sqlalchemy.engine.Engine - INFO - [raw sql] ()
2024-07-15 15:43:26 - sqlalchemy.engine.Engine - INFO - select current_schema()
2024-07-15 15:43:26 - sqlalchemy.engine.Engine - INFO - [raw sql] ()
2024-07-15 15:43:26 - sqlalchemy.engine.Engine - INFO - show standard_conforming_strings
2024-07-15 15:43:26 - sqlalchemy.engine.Engine - INFO - [raw sql] ()
2024-07-15 15:43:26 - sqlalchemy.engine.Engine - INFO - BEGIN (implicit)
2024-07-15 15:43:26 - sqlalchemy.engine.Engine - INFO - SELECT pg_catalog.pg_class.relname 
FROM pg_catalog.pg_class JOIN pg_catalog.pg_namespace ON pg_catalog.pg_namespace.oid = pg_catalog.pg_class.relnamespace 
WHERE pg_catalog.pg_class.relname = $1::VARCHAR AND pg_catalog.pg_class.relkind = ANY (ARRAY[$2::VARCHAR, $3::VARCHAR, $4::VARCHAR, $5::VARCHAR, $6::VARCHAR]) AND pg_catalog.pg_table_is_visible(pg_catalog.pg_class.oid) AND pg_catalog.pg_namespace.nspname != $7::VARCHAR
2024-07-15 15:43:26 - sqlalchemy.engine.Engine - INFO - [generated in 0.00177s] ('alumno', 'r', 'p', 'f', 'v', 'm', 'pg_catalog')
2024-07-15 15:43:26 - sqlalchemy.engine.Engine - INFO - SELECT pg_catalog.pg_class.relname 
FROM pg_catalog.pg_class JOIN pg_catalog.pg_namespace ON pg_catalog.pg_namespace.oid = pg_catalog.pg_class.relnamespace 
WHERE pg_catalog.pg_class.relname = $1::VARCHAR AND pg_catalog.pg_class.relkind = ANY (ARRAY[$2::VARCHAR, $3::VARCHAR, $4::VARCHAR, $5::VARCHAR, $6::VARCHAR]) AND pg_catalog.pg_table_is_visible(pg_catalog.pg_class.oid) AND pg_catalog.pg_namespace.nspname != $7::VARCHAR
2024-07-15 15:43:26 - sqlalchemy.engine.Engine - INFO - [cached since 0.01081s ago] ('inscripcion', 'r', 'p', 'f', 'v', 'm', 'pg_catalog')
2024-07-15 15:43:26 - sqlalchemy.engine.Engine - INFO - SELECT pg_catalog.pg_class.relname 
FROM pg_catalog.pg_class JOIN pg_catalog.pg_namespace ON pg_catalog.pg_namespace.oid = pg_catalog.pg_class.relnamespace 
WHERE pg_catalog.pg_class.relname = $1::VARCHAR AND pg_catalog.pg_class.relkind = ANY (ARRAY[$2::VARCHAR, $3::VARCHAR, $4::VARCHAR, $5::VARCHAR, $6::VARCHAR]) AND pg_catalog.pg_table_is_visible(pg_catalog.pg_class.oid) AND pg_catalog.pg_namespace.nspname != $7::VARCHAR
2024-07-15 15:43:26 - sqlalchemy.engine.Engine - INFO - [cached since 0.01496s ago] ('clase', 'r', 'p', 'f', 'v', 'm', 'pg_catalog')
2024-07-15 15:43:26 - sqlalchemy.engine.Engine - INFO - SELECT pg_catalog.pg_class.relname 
FROM pg_catalog.pg_class JOIN pg_catalog.pg_namespace ON pg_catalog.pg_namespace.oid = pg_catalog.pg_class.relnamespace 
WHERE pg_catalog.pg_class.relname = $1::VARCHAR AND pg_catalog.pg_class.relkind = ANY (ARRAY[$2::VARCHAR, $3::VARCHAR, $4::VARCHAR, $5::VARCHAR, $6::VARCHAR]) AND pg_catalog.pg_table_is_visible(pg_catalog.pg_class.oid) AND pg_catalog.pg_namespace.nspname != $7::VARCHAR
2024-07-15 15:43:26 - sqlalchemy.engine.Engine - INFO - [cached since 0.01951s ago] ('descuento', 'r', 'p', 'f', 'v', 'm', 'pg_catalog')
2024-07-15 15:43:26 - sqlalchemy.engine.Engine - INFO - SELECT pg_catalog.pg_class.relname 
FROM pg_catalog.pg_class JOIN pg_catalog.pg_namespace ON pg_catalog.pg_namespace.oid = pg_catalog.pg_class.relnamespace 
WHERE pg_catalog.pg_class.relname = $1::VARCHAR AND pg_catalog.pg_class.relkind = ANY (ARRAY[$2::VARCHAR, $3::VARCHAR, $4::VARCHAR, $5::VARCHAR, $6::VARCHAR]) AND pg_catalog.pg_table_is_visible(pg_catalog.pg_class.oid) AND pg_catalog.pg_namespace.nspname != $7::VARCHAR
2024-07-15 15:43:26 - sqlalchemy.engine.Engine - INFO - [cached since 0.02396s ago] ('profesor', 'r', 'p', 'f', 'v', 'm', 'pg_catalog')
2024-07-15 15:43:26 - sqlalchemy.engine.Engine - INFO - SELECT pg_catalog.pg_class.relname 
FROM pg_catalog.pg_class JOIN pg_catalog.pg_namespace ON pg_catalog.pg_namespace.oid = pg_catalog.pg_class.relnamespace 
WHERE pg_catalog.pg_class.relname = $1::VARCHAR AND pg_catalog.pg_class.relkind = ANY (ARRAY[$2::VARCHAR, $3::VARCHAR, $4::VARCHAR, $5::VARCHAR, $6::VARCHAR]) AND pg_catalog.pg_table_is_visible(pg_catalog.pg_class.oid) AND pg_catalog.pg_namespace.nspname != $7::VARCHAR
2024-07-15 15:43:26 - sqlalchemy.engine.Engine - INFO - [cached since 0.02824s ago] ('profesor_instrumento', 'r', 'p', 'f', 'v', 'm', 'pg_catalog')
2024-07-15 15:43:26 - sqlalchemy.engine.Engine - INFO - SELECT pg_catalog.pg_class.relname 
FROM pg_catalog.pg_class JOIN pg_catalog.pg_namespace ON pg_catalog.pg_namespace.oid = pg_catalog.pg_class.relnamespace 
WHERE pg_catalog.pg_class.relname = $1::VARCHAR AND pg_catalog.pg_class.relkind = ANY (ARRAY[$2::VARCHAR, $3::VARCHAR, $4::VARCHAR, $5::VARCHAR, $6::VARCHAR]) AND pg_catalog.pg_table_is_visible(pg_catalog.pg_class.oid) AND pg_catalog.pg_namespace.nspname != $7::VARCHAR
2024-07-15 15:43:26 - sqlalchemy.engine.Engine - INFO - [cached since 0.03229s ago] ('instrumento', 'r', 'p', 'f', 'v', 'm', 'pg_catalog')
2024-07-15 15:43:26 - sqlalchemy.engine.Engine - INFO - SELECT pg_catalog.pg_class.relname 
FROM pg_catalog.pg_class JOIN pg_catalog.pg_namespace ON pg_catalog.pg_namespace.oid = pg_catalog.pg_class.relnamespace 
WHERE pg_catalog.pg_class.relname = $1::VARCHAR AND pg_catalog.pg_class.relkind = ANY (ARRAY[$2::VARCHAR, $3::VARCHAR, $4::VARCHAR, $5::VARCHAR, $6::VARCHAR]) AND pg_catalog.pg_table_is_visible(pg_catalog.pg_class.oid) AND pg_catalog.pg_namespace.nspname != $7::VARCHAR
2024-07-15 15:43:26 - sqlalchemy.engine.Engine - INFO - [cached since 0.03667s ago] ('instrumento_nivel', 'r', 'p', 'f', 'v', 'm', 'pg_catalog')
2024-07-15 15:43:26 - sqlalchemy.engine.Engine - INFO - SELECT pg_catalog.pg_class.relname 
FROM pg_catalog.pg_class JOIN pg_catalog.pg_namespace ON pg_catalog.pg_namespace.oid = pg_catalog.pg_class.relnamespace 
WHERE pg_catalog.pg_class.relname = $1::VARCHAR AND pg_catalog.pg_class.relkind = ANY (ARRAY[$2::VARCHAR, $3::VARCHAR, $4::VARCHAR, $5::VARCHAR, $6::VARCHAR]) AND pg_catalog.pg_table_is_visible(pg_catalog.pg_class.oid) AND pg_catalog.pg_namespace.nspname != $7::VARCHAR
2024-07-15 15:43:26 - sqlalchemy.engine.Engine - INFO - [cached since 0.04109s ago] ('nivel', 'r', 'p', 'f', 'v', 'm', 'pg_catalog')
2024-07-15 15:43:26 - sqlalchemy.engine.Engine - INFO - SELECT pg_catalog.pg_class.relname 
FROM pg_catalog.pg_class JOIN pg_catalog.pg_namespace ON pg_catalog.pg_namespace.oid = pg_catalog.pg_class.relnamespace 
WHERE pg_catalog.pg_class.relname = $1::VARCHAR AND pg_catalog.pg_class.relkind = ANY (ARRAY[$2::VARCHAR, $3::VARCHAR, $4::VARCHAR, $5::VARCHAR, $6::VARCHAR]) AND pg_catalog.pg_table_is_visible(pg_catalog.pg_class.oid) AND pg_catalog.pg_namespace.nspname != $7::VARCHAR
2024-07-15 15:43:26 - sqlalchemy.engine.Engine - INFO - [cached since 0.04521s ago] ('pack', 'r', 'p', 'f', 'v', 'm', 'pg_catalog')
2024-07-15 15:43:26 - sqlalchemy.engine.Engine - INFO - COMMIT
